{"C:\\study\\rs-react-app-Q32025\\src\\App.tsx": {"path":"C:\\study\\rs-react-app-Q32025\\src\\App.tsx","all":false,"statementMap":{"0":{"start":{"line":1,"column":0},"end":{"line":1,"column":26}},"1":{"start":{"line":2,"column":0},"end":{"line":2,"column":40}},"2":{"start":{"line":3,"column":0},"end":{"line":3,"column":32}},"3":{"start":{"line":4,"column":0},"end":{"line":4,"column":32}},"4":{"start":{"line":5,"column":0},"end":{"line":5,"column":44}},"5":{"start":{"line":6,"column":0},"end":{"line":6,"column":19}},"34":{"start":{"line":35,"column":0},"end":{"line":35,"column":68}},"35":{"start":{"line":36,"column":0},"end":{"line":36,"column":29}},"37":{"start":{"line":38,"column":0},"end":{"line":38,"column":21}},"38":{"start":{"line":39,"column":0},"end":{"line":39,"column":16}},"39":{"start":{"line":40,"column":0},"end":{"line":40,"column":63}},"40":{"start":{"line":41,"column":0},"end":{"line":41,"column":19}},"41":{"start":{"line":42,"column":0},"end":{"line":42,"column":16}},"42":{"start":{"line":43,"column":0},"end":{"line":43,"column":29}},"43":{"start":{"line":44,"column":0},"end":{"line":44,"column":4}},"45":{"start":{"line":46,"column":0},"end":{"line":46,"column":44}},"46":{"start":{"line":47,"column":0},"end":{"line":47,"column":27}},"47":{"start":{"line":48,"column":0},"end":{"line":48,"column":74}},"48":{"start":{"line":49,"column":0},"end":{"line":49,"column":52}},"49":{"start":{"line":50,"column":0},"end":{"line":50,"column":43}},"50":{"start":{"line":51,"column":0},"end":{"line":51,"column":3}},"52":{"start":{"line":53,"column":0},"end":{"line":53,"column":26}},"53":{"start":{"line":54,"column":0},"end":{"line":54,"column":28}},"54":{"start":{"line":55,"column":0},"end":{"line":55,"column":3}},"56":{"start":{"line":57,"column":0},"end":{"line":57,"column":58}},"57":{"start":{"line":58,"column":0},"end":{"line":58,"column":33}},"58":{"start":{"line":59,"column":0},"end":{"line":59,"column":37}},"60":{"start":{"line":61,"column":0},"end":{"line":61,"column":56}},"62":{"start":{"line":63,"column":0},"end":{"line":63,"column":9}},"63":{"start":{"line":64,"column":0},"end":{"line":64,"column":37}},"64":{"start":{"line":65,"column":0},"end":{"line":65,"column":28}},"65":{"start":{"line":66,"column":0},"end":{"line":66,"column":50}},"66":{"start":{"line":67,"column":0},"end":{"line":67,"column":32}},"68":{"start":{"line":69,"column":0},"end":{"line":69,"column":35}},"69":{"start":{"line":70,"column":0},"end":{"line":70,"column":51}},"71":{"start":{"line":72,"column":0},"end":{"line":72,"column":20}},"72":{"start":{"line":73,"column":0},"end":{"line":73,"column":52}},"73":{"start":{"line":74,"column":0},"end":{"line":74,"column":7}},"75":{"start":{"line":76,"column":0},"end":{"line":76,"column":36}},"77":{"start":{"line":78,"column":0},"end":{"line":78,"column":29}},"79":{"start":{"line":80,"column":0},"end":{"line":80,"column":23}},"80":{"start":{"line":81,"column":0},"end":{"line":81,"column":39}},"81":{"start":{"line":82,"column":0},"end":{"line":82,"column":81}},"82":{"start":{"line":83,"column":0},"end":{"line":83,"column":10}},"83":{"start":{"line":84,"column":0},"end":{"line":84,"column":65}},"85":{"start":{"line":86,"column":0},"end":{"line":86,"column":27}},"86":{"start":{"line":87,"column":0},"end":{"line":87,"column":41}},"87":{"start":{"line":88,"column":0},"end":{"line":88,"column":58}},"88":{"start":{"line":89,"column":0},"end":{"line":89,"column":52}},"90":{"start":{"line":91,"column":0},"end":{"line":91,"column":45}},"91":{"start":{"line":92,"column":0},"end":{"line":92,"column":14}},"92":{"start":{"line":93,"column":0},"end":{"line":93,"column":36}},"93":{"start":{"line":94,"column":0},"end":{"line":94,"column":75}},"94":{"start":{"line":95,"column":0},"end":{"line":95,"column":46}},"95":{"start":{"line":96,"column":0},"end":{"line":96,"column":45}},"97":{"start":{"line":98,"column":0},"end":{"line":98,"column":43}},"98":{"start":{"line":99,"column":0},"end":{"line":99,"column":70}},"99":{"start":{"line":100,"column":0},"end":{"line":100,"column":14}},"100":{"start":{"line":101,"column":0},"end":{"line":101,"column":69}},"102":{"start":{"line":103,"column":0},"end":{"line":103,"column":31}},"103":{"start":{"line":104,"column":0},"end":{"line":104,"column":45}},"104":{"start":{"line":105,"column":0},"end":{"line":105,"column":62}},"105":{"start":{"line":106,"column":0},"end":{"line":106,"column":56}},"107":{"start":{"line":108,"column":0},"end":{"line":108,"column":47}},"108":{"start":{"line":109,"column":0},"end":{"line":109,"column":12}},"109":{"start":{"line":110,"column":0},"end":{"line":110,"column":10}},"110":{"start":{"line":111,"column":0},"end":{"line":111,"column":7}},"112":{"start":{"line":113,"column":0},"end":{"line":113,"column":28}},"113":{"start":{"line":114,"column":0},"end":{"line":114,"column":64}},"114":{"start":{"line":115,"column":0},"end":{"line":115,"column":7}},"115":{"start":{"line":116,"column":0},"end":{"line":116,"column":21}},"116":{"start":{"line":117,"column":0},"end":{"line":117,"column":66}},"117":{"start":{"line":118,"column":0},"end":{"line":118,"column":28}},"118":{"start":{"line":119,"column":0},"end":{"line":119,"column":75}},"119":{"start":{"line":120,"column":0},"end":{"line":120,"column":7}},"120":{"start":{"line":121,"column":0},"end":{"line":121,"column":5}},"121":{"start":{"line":122,"column":0},"end":{"line":122,"column":4}},"123":{"start":{"line":124,"column":0},"end":{"line":124,"column":41}},"124":{"start":{"line":125,"column":0},"end":{"line":125,"column":68}},"125":{"start":{"line":126,"column":0},"end":{"line":126,"column":50}},"126":{"start":{"line":127,"column":0},"end":{"line":127,"column":4}},"128":{"start":{"line":129,"column":0},"end":{"line":129,"column":42}},"129":{"start":{"line":130,"column":0},"end":{"line":130,"column":45}},"130":{"start":{"line":131,"column":0},"end":{"line":131,"column":4}},"132":{"start":{"line":133,"column":0},"end":{"line":133,"column":34}},"133":{"start":{"line":134,"column":0},"end":{"line":134,"column":47}},"134":{"start":{"line":135,"column":0},"end":{"line":135,"column":4}},"136":{"start":{"line":137,"column":0},"end":{"line":137,"column":12}},"137":{"start":{"line":138,"column":0},"end":{"line":138,"column":39}},"138":{"start":{"line":139,"column":0},"end":{"line":139,"column":64}},"139":{"start":{"line":140,"column":0},"end":{"line":140,"column":5}},"141":{"start":{"line":142,"column":0},"end":{"line":142,"column":12}},"142":{"start":{"line":143,"column":0},"end":{"line":143,"column":37}},"143":{"start":{"line":144,"column":0},"end":{"line":144,"column":31}},"144":{"start":{"line":145,"column":0},"end":{"line":145,"column":18}},"145":{"start":{"line":146,"column":0},"end":{"line":146,"column":48}},"146":{"start":{"line":147,"column":0},"end":{"line":147,"column":66}},"147":{"start":{"line":148,"column":0},"end":{"line":148,"column":48}},"148":{"start":{"line":149,"column":0},"end":{"line":149,"column":12}},"150":{"start":{"line":151,"column":0},"end":{"line":151,"column":25}},"151":{"start":{"line":152,"column":0},"end":{"line":152,"column":33}},"153":{"start":{"line":154,"column":0},"end":{"line":154,"column":41}},"154":{"start":{"line":155,"column":0},"end":{"line":155,"column":54}},"155":{"start":{"line":156,"column":0},"end":{"line":156,"column":23}},"157":{"start":{"line":158,"column":0},"end":{"line":158,"column":77}},"159":{"start":{"line":160,"column":0},"end":{"line":160,"column":14}},"161":{"start":{"line":162,"column":0},"end":{"line":162,"column":48}},"162":{"start":{"line":163,"column":0},"end":{"line":163,"column":77}},"163":{"start":{"line":164,"column":0},"end":{"line":164,"column":14}},"164":{"start":{"line":165,"column":0},"end":{"line":165,"column":12}},"166":{"start":{"line":167,"column":0},"end":{"line":167,"column":3}},"167":{"start":{"line":168,"column":0},"end":{"line":168,"column":1}},"169":{"start":{"line":170,"column":0},"end":{"line":170,"column":19}}},"s":{"0":1,"1":1,"2":1,"3":1,"4":1,"5":1,"34":1,"35":4,"37":4,"38":4,"39":4,"40":4,"41":4,"42":4,"43":4,"45":4,"46":4,"47":4,"48":4,"49":4,"50":4,"52":4,"53":4,"54":4,"56":4,"57":4,"58":4,"60":4,"62":4,"63":4,"64":4,"65":0,"66":4,"68":4,"69":4,"71":4,"72":1,"73":1,"75":2,"77":2,"79":4,"80":0,"81":0,"82":0,"83":0,"85":0,"86":0,"87":0,"88":0,"90":0,"91":4,"92":2,"93":2,"94":1,"95":1,"97":1,"98":1,"99":1,"100":1,"102":1,"103":1,"104":1,"105":1,"107":1,"108":2,"109":2,"110":2,"112":4,"113":1,"114":1,"115":4,"116":1,"117":1,"118":1,"119":1,"120":1,"121":4,"123":4,"124":0,"125":0,"126":0,"128":4,"129":0,"130":0,"132":4,"133":1,"134":1,"136":4,"137":14,"138":4,"139":4,"141":10,"142":10,"143":10,"144":10,"145":10,"146":10,"147":10,"148":10,"150":10,"151":10,"153":10,"154":14,"155":4,"157":6,"159":14,"161":14,"162":14,"163":14,"164":14,"166":14,"167":4,"169":1},"branchMap":{"0":{"type":"branch","line":35,"loc":{"start":{"line":35,"column":67},"end":{"line":168,"column":1}},"locations":[{"start":{"line":35,"column":67},"end":{"line":168,"column":1}}]},"1":{"type":"branch","line":46,"loc":{"start":{"line":46,"column":2},"end":{"line":51,"column":3}},"locations":[{"start":{"line":46,"column":2},"end":{"line":51,"column":3}}]},"2":{"type":"branch","line":50,"loc":{"start":{"line":50,"column":41},"end":{"line":50,"column":43}},"locations":[{"start":{"line":50,"column":41},"end":{"line":50,"column":43}}]},"3":{"type":"branch","line":53,"loc":{"start":{"line":53,"column":2},"end":{"line":55,"column":3}},"locations":[{"start":{"line":53,"column":2},"end":{"line":55,"column":3}}]},"4":{"type":"branch","line":57,"loc":{"start":{"line":57,"column":15},"end":{"line":122,"column":4}},"locations":[{"start":{"line":57,"column":15},"end":{"line":122,"column":4}}]},"5":{"type":"branch","line":58,"loc":{"start":{"line":58,"column":26},"end":{"line":58,"column":33}},"locations":[{"start":{"line":58,"column":26},"end":{"line":58,"column":33}}]},"6":{"type":"branch","line":65,"loc":{"start":{"line":65,"column":18},"end":{"line":66,"column":50}},"locations":[{"start":{"line":65,"column":18},"end":{"line":66,"column":50}}]},"7":{"type":"branch","line":70,"loc":{"start":{"line":70,"column":49},"end":{"line":72,"column":19}},"locations":[{"start":{"line":70,"column":49},"end":{"line":72,"column":19}}]},"8":{"type":"branch","line":72,"loc":{"start":{"line":72,"column":19},"end":{"line":74,"column":7}},"locations":[{"start":{"line":72,"column":19},"end":{"line":74,"column":7}}]},"9":{"type":"branch","line":74,"loc":{"start":{"line":74,"column":6},"end":{"line":80,"column":22}},"locations":[{"start":{"line":74,"column":6},"end":{"line":80,"column":22}}]},"10":{"type":"branch","line":80,"loc":{"start":{"line":80,"column":22},"end":{"line":92,"column":13}},"locations":[{"start":{"line":80,"column":22},"end":{"line":92,"column":13}}]},"11":{"type":"branch","line":92,"loc":{"start":{"line":92,"column":6},"end":{"line":113,"column":27}},"locations":[{"start":{"line":92,"column":6},"end":{"line":113,"column":27}}]},"12":{"type":"branch","line":113,"loc":{"start":{"line":113,"column":27},"end":{"line":115,"column":7}},"locations":[{"start":{"line":113,"column":27},"end":{"line":115,"column":7}}]},"13":{"type":"branch","line":116,"loc":{"start":{"line":116,"column":4},"end":{"line":121,"column":5}},"locations":[{"start":{"line":116,"column":4},"end":{"line":121,"column":5}}]},"14":{"type":"branch","line":70,"loc":{"start":{"line":70,"column":24},"end":{"line":70,"column":49}},"locations":[{"start":{"line":70,"column":24},"end":{"line":70,"column":49}}]},"15":{"type":"branch","line":94,"loc":{"start":{"line":94,"column":27},"end":{"line":109,"column":11}},"locations":[{"start":{"line":94,"column":27},"end":{"line":109,"column":11}}]},"16":{"type":"branch","line":106,"loc":{"start":{"line":106,"column":48},"end":{"line":106,"column":56}},"locations":[{"start":{"line":106,"column":48},"end":{"line":106,"column":56}}]},"17":{"type":"branch","line":105,"loc":{"start":{"line":105,"column":22},"end":{"line":105,"column":61}},"locations":[{"start":{"line":105,"column":22},"end":{"line":105,"column":61}}]},"18":{"type":"branch","line":133,"loc":{"start":{"line":133,"column":27},"end":{"line":135,"column":4}},"locations":[{"start":{"line":133,"column":27},"end":{"line":135,"column":4}}]},"19":{"type":"branch","line":137,"loc":{"start":{"line":137,"column":2},"end":{"line":167,"column":3}},"locations":[{"start":{"line":137,"column":2},"end":{"line":167,"column":3}}]},"20":{"type":"branch","line":138,"loc":{"start":{"line":138,"column":38},"end":{"line":140,"column":5}},"locations":[{"start":{"line":138,"column":38},"end":{"line":140,"column":5}}]},"21":{"type":"branch","line":140,"loc":{"start":{"line":140,"column":4},"end":{"line":155,"column":33}},"locations":[{"start":{"line":140,"column":4},"end":{"line":155,"column":33}}]},"22":{"type":"branch","line":155,"loc":{"start":{"line":155,"column":22},"end":{"line":155,"column":54}},"locations":[{"start":{"line":155,"column":22},"end":{"line":155,"column":54}}]},"23":{"type":"branch","line":155,"loc":{"start":{"line":155,"column":45},"end":{"line":156,"column":23}},"locations":[{"start":{"line":155,"column":45},"end":{"line":156,"column":23}}]},"24":{"type":"branch","line":156,"loc":{"start":{"line":156,"column":21},"end":{"line":158,"column":77}},"locations":[{"start":{"line":156,"column":21},"end":{"line":158,"column":77}}]}},"b":{"0":[4],"1":[4],"2":[3],"3":[4],"4":[4],"5":[0],"6":[0],"7":[3],"8":[1],"9":[2],"10":[0],"11":[2],"12":[1],"13":[1],"14":[4],"15":[1],"16":[0],"17":[1],"18":[1],"19":[14],"20":[4],"21":[10],"22":[4],"23":[4],"24":[6]},"fnMap":{"0":{"name":"<instance_members_initializer>","decl":{"start":{"line":35,"column":67},"end":{"line":168,"column":1}},"loc":{"start":{"line":35,"column":67},"end":{"line":168,"column":1}},"line":35},"1":{"name":"componentDidMount","decl":{"start":{"line":46,"column":2},"end":{"line":51,"column":3}},"loc":{"start":{"line":46,"column":2},"end":{"line":51,"column":3}},"line":46},"2":{"name":"componentWillUnmount","decl":{"start":{"line":53,"column":2},"end":{"line":55,"column":3}},"loc":{"start":{"line":53,"column":2},"end":{"line":55,"column":3}},"line":53},"3":{"name":"getResults","decl":{"start":{"line":57,"column":15},"end":{"line":122,"column":4}},"loc":{"start":{"line":57,"column":15},"end":{"line":122,"column":4}},"line":57},"4":{"name":"handleSearchButtonClick","decl":{"start":{"line":124,"column":28},"end":{"line":127,"column":4}},"loc":{"start":{"line":124,"column":28},"end":{"line":127,"column":4}},"line":124},"5":{"name":"setSearchValue","decl":{"start":{"line":129,"column":19},"end":{"line":131,"column":4}},"loc":{"start":{"line":129,"column":19},"end":{"line":131,"column":4}},"line":129},"6":{"name":"handleErrorButtonClick","decl":{"start":{"line":133,"column":27},"end":{"line":135,"column":4}},"loc":{"start":{"line":133,"column":27},"end":{"line":135,"column":4}},"line":133},"7":{"name":"render","decl":{"start":{"line":137,"column":2},"end":{"line":167,"column":3}},"loc":{"start":{"line":137,"column":2},"end":{"line":167,"column":3}},"line":137}},"f":{"0":4,"1":4,"2":4,"3":4,"4":0,"5":0,"6":1,"7":14}}
,"C:\\study\\rs-react-app-Q32025\\src\\ErrorBoundary.tsx": {"path":"C:\\study\\rs-react-app-Q32025\\src\\ErrorBoundary.tsx","all":false,"statementMap":{"0":{"start":{"line":1,"column":0},"end":{"line":1,"column":52}},"10":{"start":{"line":11,"column":0},"end":{"line":11,"column":44}},"13":{"start":{"line":14,"column":0},"end":{"line":14,"column":3}},"14":{"start":{"line":15,"column":0},"end":{"line":15,"column":31}},"15":{"start":{"line":16,"column":0},"end":{"line":16,"column":21}},"16":{"start":{"line":17,"column":0},"end":{"line":17,"column":4}},"18":{"start":{"line":19,"column":0},"end":{"line":19,"column":69}},"19":{"start":{"line":20,"column":0},"end":{"line":20,"column":46}},"20":{"start":{"line":21,"column":0},"end":{"line":21,"column":3}},"22":{"start":{"line":23,"column":0},"end":{"line":23,"column":52}},"23":{"start":{"line":24,"column":0},"end":{"line":24,"column":67}},"24":{"start":{"line":25,"column":0},"end":{"line":25,"column":3}},"26":{"start":{"line":27,"column":0},"end":{"line":27,"column":35}},"28":{"start":{"line":29,"column":0},"end":{"line":29,"column":23}},"29":{"start":{"line":30,"column":0},"end":{"line":30,"column":18}},"30":{"start":{"line":31,"column":0},"end":{"line":31,"column":4}},"32":{"start":{"line":33,"column":0},"end":{"line":33,"column":12}},"33":{"start":{"line":34,"column":0},"end":{"line":34,"column":34}},"34":{"start":{"line":35,"column":0},"end":{"line":35,"column":14}},"35":{"start":{"line":36,"column":0},"end":{"line":36,"column":10}},"36":{"start":{"line":37,"column":0},"end":{"line":37,"column":68}},"37":{"start":{"line":38,"column":0},"end":{"line":38,"column":66}},"38":{"start":{"line":39,"column":0},"end":{"line":39,"column":11}},"40":{"start":{"line":41,"column":0},"end":{"line":41,"column":5}},"41":{"start":{"line":42,"column":0},"end":{"line":42,"column":31}},"42":{"start":{"line":43,"column":0},"end":{"line":43,"column":3}},"43":{"start":{"line":44,"column":0},"end":{"line":44,"column":1}},"45":{"start":{"line":46,"column":0},"end":{"line":46,"column":29}}},"s":{"0":1,"10":1,"13":1,"14":7,"15":7,"16":7,"18":7,"19":8,"20":8,"22":7,"23":4,"24":4,"26":7,"28":7,"29":1,"30":1,"32":7,"33":15,"34":8,"35":8,"36":8,"37":8,"38":8,"40":8,"41":7,"42":15,"43":7,"45":1},"branchMap":{"0":{"type":"branch","line":14,"loc":{"start":{"line":14,"column":2},"end":{"line":44,"column":1}},"locations":[{"start":{"line":14,"column":2},"end":{"line":44,"column":1}}]},"1":{"type":"branch","line":19,"loc":{"start":{"line":19,"column":9},"end":{"line":21,"column":3}},"locations":[{"start":{"line":19,"column":9},"end":{"line":21,"column":3}}]},"2":{"type":"branch","line":23,"loc":{"start":{"line":23,"column":2},"end":{"line":25,"column":3}},"locations":[{"start":{"line":23,"column":2},"end":{"line":25,"column":3}}]},"3":{"type":"branch","line":29,"loc":{"start":{"line":29,"column":16},"end":{"line":31,"column":4}},"locations":[{"start":{"line":29,"column":16},"end":{"line":31,"column":4}}]},"4":{"type":"branch","line":33,"loc":{"start":{"line":33,"column":2},"end":{"line":43,"column":3}},"locations":[{"start":{"line":33,"column":2},"end":{"line":43,"column":3}}]},"5":{"type":"branch","line":34,"loc":{"start":{"line":34,"column":33},"end":{"line":42,"column":31}},"locations":[{"start":{"line":34,"column":33},"end":{"line":42,"column":31}}]},"6":{"type":"branch","line":34,"loc":{"start":{"line":34,"column":33},"end":{"line":41,"column":5}},"locations":[{"start":{"line":34,"column":33},"end":{"line":41,"column":5}}]},"7":{"type":"branch","line":41,"loc":{"start":{"line":41,"column":4},"end":{"line":42,"column":31}},"locations":[{"start":{"line":41,"column":4},"end":{"line":42,"column":31}}]}},"b":{"0":[7],"1":[8],"2":[4],"3":[1],"4":[15],"5":[9],"6":[8],"7":[7]},"fnMap":{"0":{"name":"<instance_members_initializer>","decl":{"start":{"line":14,"column":2},"end":{"line":44,"column":1}},"loc":{"start":{"line":14,"column":2},"end":{"line":44,"column":1}},"line":14},"1":{"name":"getDerivedStateFromError","decl":{"start":{"line":19,"column":9},"end":{"line":21,"column":3}},"loc":{"start":{"line":19,"column":9},"end":{"line":21,"column":3}},"line":19},"2":{"name":"componentDidCatch","decl":{"start":{"line":23,"column":2},"end":{"line":25,"column":3}},"loc":{"start":{"line":23,"column":2},"end":{"line":25,"column":3}},"line":23},"3":{"name":"refreshPage","decl":{"start":{"line":29,"column":16},"end":{"line":31,"column":4}},"loc":{"start":{"line":29,"column":16},"end":{"line":31,"column":4}},"line":29},"4":{"name":"render","decl":{"start":{"line":33,"column":2},"end":{"line":43,"column":3}},"loc":{"start":{"line":33,"column":2},"end":{"line":43,"column":3}},"line":33}},"f":{"0":7,"1":8,"2":4,"3":1,"4":15}}
,"C:\\study\\rs-react-app-Q32025\\src\\Results.tsx": {"path":"C:\\study\\rs-react-app-Q32025\\src\\Results.tsx","all":false,"statementMap":{"0":{"start":{"line":1,"column":0},"end":{"line":1,"column":26}},"16":{"start":{"line":17,"column":0},"end":{"line":17,"column":53}},"17":{"start":{"line":18,"column":0},"end":{"line":18,"column":12}},"18":{"start":{"line":19,"column":0},"end":{"line":19,"column":42}},"20":{"start":{"line":21,"column":0},"end":{"line":21,"column":16}},"21":{"start":{"line":22,"column":0},"end":{"line":22,"column":58}},"22":{"start":{"line":23,"column":0},"end":{"line":23,"column":5}},"24":{"start":{"line":25,"column":0},"end":{"line":25,"column":43}},"25":{"start":{"line":26,"column":0},"end":{"line":26,"column":65}},"26":{"start":{"line":27,"column":0},"end":{"line":27,"column":5}},"28":{"start":{"line":29,"column":0},"end":{"line":29,"column":12}},"29":{"start":{"line":30,"column":0},"end":{"line":30,"column":37}},"30":{"start":{"line":31,"column":0},"end":{"line":31,"column":39}},"31":{"start":{"line":32,"column":0},"end":{"line":32,"column":14}},"32":{"start":{"line":33,"column":0},"end":{"line":33,"column":23}},"33":{"start":{"line":34,"column":0},"end":{"line":34,"column":20}},"34":{"start":{"line":35,"column":0},"end":{"line":35,"column":30}},"35":{"start":{"line":36,"column":0},"end":{"line":36,"column":45}},"36":{"start":{"line":37,"column":0},"end":{"line":37,"column":30}},"37":{"start":{"line":38,"column":0},"end":{"line":38,"column":35}},"38":{"start":{"line":39,"column":0},"end":{"line":39,"column":26}},"39":{"start":{"line":40,"column":0},"end":{"line":40,"column":14}},"41":{"start":{"line":42,"column":0},"end":{"line":42,"column":45}},"42":{"start":{"line":43,"column":0},"end":{"line":43,"column":18}},"43":{"start":{"line":44,"column":0},"end":{"line":44,"column":48}},"44":{"start":{"line":45,"column":0},"end":{"line":45,"column":31}},"45":{"start":{"line":46,"column":0},"end":{"line":46,"column":26}},"46":{"start":{"line":47,"column":0},"end":{"line":47,"column":27}},"47":{"start":{"line":48,"column":0},"end":{"line":48,"column":55}},"48":{"start":{"line":49,"column":0},"end":{"line":49,"column":16}},"50":{"start":{"line":51,"column":0},"end":{"line":51,"column":47}},"51":{"start":{"line":52,"column":0},"end":{"line":52,"column":67}},"52":{"start":{"line":53,"column":0},"end":{"line":53,"column":36}},"53":{"start":{"line":54,"column":0},"end":{"line":54,"column":77}},"54":{"start":{"line":55,"column":0},"end":{"line":55,"column":36}},"55":{"start":{"line":56,"column":0},"end":{"line":56,"column":20}},"57":{"start":{"line":58,"column":0},"end":{"line":58,"column":18}},"58":{"start":{"line":59,"column":0},"end":{"line":59,"column":16}},"59":{"start":{"line":60,"column":0},"end":{"line":60,"column":11}},"60":{"start":{"line":61,"column":0},"end":{"line":61,"column":12}},"62":{"start":{"line":63,"column":0},"end":{"line":63,"column":3}},"63":{"start":{"line":64,"column":0},"end":{"line":64,"column":1}},"65":{"start":{"line":66,"column":0},"end":{"line":66,"column":23}}},"s":{"0":1,"16":1,"17":1,"18":9,"20":9,"21":2,"22":2,"24":9,"25":5,"26":5,"28":2,"29":2,"30":2,"31":3,"32":3,"33":3,"34":3,"35":3,"36":3,"37":3,"38":3,"39":3,"41":3,"42":3,"43":3,"44":3,"45":3,"46":3,"47":3,"48":3,"50":3,"51":3,"52":3,"53":1,"54":1,"55":1,"57":3,"58":3,"59":2,"60":2,"62":9,"63":1,"65":1},"branchMap":{"0":{"type":"branch","line":18,"loc":{"start":{"line":18,"column":2},"end":{"line":63,"column":3}},"locations":[{"start":{"line":18,"column":2},"end":{"line":63,"column":3}}]},"1":{"type":"branch","line":21,"loc":{"start":{"line":21,"column":15},"end":{"line":23,"column":5}},"locations":[{"start":{"line":21,"column":15},"end":{"line":23,"column":5}}]},"2":{"type":"branch","line":23,"loc":{"start":{"line":23,"column":4},"end":{"line":25,"column":42}},"locations":[{"start":{"line":23,"column":4},"end":{"line":25,"column":42}}]},"3":{"type":"branch","line":25,"loc":{"start":{"line":25,"column":42},"end":{"line":61,"column":12}},"locations":[{"start":{"line":25,"column":42},"end":{"line":61,"column":12}}]},"4":{"type":"branch","line":25,"loc":{"start":{"line":25,"column":42},"end":{"line":27,"column":5}},"locations":[{"start":{"line":25,"column":42},"end":{"line":27,"column":5}}]},"5":{"type":"branch","line":27,"loc":{"start":{"line":27,"column":4},"end":{"line":61,"column":12}},"locations":[{"start":{"line":27,"column":4},"end":{"line":61,"column":12}}]},"6":{"type":"branch","line":31,"loc":{"start":{"line":31,"column":21},"end":{"line":59,"column":16}},"locations":[{"start":{"line":31,"column":21},"end":{"line":59,"column":16}}]},"7":{"type":"branch","line":53,"loc":{"start":{"line":53,"column":20},"end":{"line":56,"column":20}},"locations":[{"start":{"line":53,"column":20},"end":{"line":56,"column":20}}]}},"b":{"0":[9],"1":[2],"2":[7],"3":[7],"4":[5],"5":[2],"6":[3],"7":[1]},"fnMap":{"0":{"name":"render","decl":{"start":{"line":18,"column":2},"end":{"line":63,"column":3}},"loc":{"start":{"line":18,"column":2},"end":{"line":63,"column":3}},"line":18}},"f":{"0":9}}
,"C:\\study\\rs-react-app-Q32025\\src\\SearchButton.tsx": {"path":"C:\\study\\rs-react-app-Q32025\\src\\SearchButton.tsx","all":false,"statementMap":{"0":{"start":{"line":1,"column":0},"end":{"line":1,"column":26}},"1":{"start":{"line":2,"column":0},"end":{"line":2,"column":44}},"7":{"start":{"line":8,"column":0},"end":{"line":8,"column":63}},"8":{"start":{"line":9,"column":0},"end":{"line":9,"column":12}},"9":{"start":{"line":10,"column":0},"end":{"line":10,"column":12}},"10":{"start":{"line":11,"column":0},"end":{"line":11,"column":30}},"11":{"start":{"line":12,"column":0},"end":{"line":12,"column":23}},"12":{"start":{"line":13,"column":0},"end":{"line":13,"column":60}},"14":{"start":{"line":15,"column":0},"end":{"line":15,"column":19}},"16":{"start":{"line":17,"column":0},"end":{"line":17,"column":31}},"18":{"start":{"line":19,"column":0},"end":{"line":19,"column":3}},"19":{"start":{"line":20,"column":0},"end":{"line":20,"column":1}},"21":{"start":{"line":22,"column":0},"end":{"line":22,"column":28}}},"s":{"0":1,"1":1,"7":1,"8":1,"9":13,"10":13,"11":13,"12":13,"14":13,"16":13,"18":13,"19":1,"21":1},"branchMap":{"0":{"type":"branch","line":9,"loc":{"start":{"line":9,"column":2},"end":{"line":19,"column":3}},"locations":[{"start":{"line":9,"column":2},"end":{"line":19,"column":3}}]},"1":{"type":"branch","line":12,"loc":{"start":{"line":12,"column":9},"end":{"line":15,"column":19}},"locations":[{"start":{"line":12,"column":9},"end":{"line":15,"column":19}}]}},"b":{"0":[13],"1":[13]},"fnMap":{"0":{"name":"render","decl":{"start":{"line":9,"column":2},"end":{"line":19,"column":3}},"loc":{"start":{"line":9,"column":2},"end":{"line":19,"column":3}},"line":9},"1":{"name":"children","decl":{"start":{"line":12,"column":9},"end":{"line":15,"column":19}},"loc":{"start":{"line":12,"column":9},"end":{"line":15,"column":19}},"line":12}},"f":{"0":13,"1":13}}
,"C:\\study\\rs-react-app-Q32025\\src\\SearchContext.tsx": {"path":"C:\\study\\rs-react-app-Q32025\\src\\SearchContext.tsx","all":false,"statementMap":{"0":{"start":{"line":1,"column":0},"end":{"line":1,"column":26}},"8":{"start":{"line":9,"column":0},"end":{"line":9,"column":42}},"9":{"start":{"line":10,"column":0},"end":{"line":10,"column":18}},"10":{"start":{"line":11,"column":0},"end":{"line":11,"column":27}},"11":{"start":{"line":12,"column":0},"end":{"line":12,"column":36}},"12":{"start":{"line":13,"column":0},"end":{"line":13,"column":2}},"14":{"start":{"line":15,"column":0},"end":{"line":15,"column":76}},"16":{"start":{"line":17,"column":0},"end":{"line":17,"column":29}}},"s":{"0":1,"8":1,"9":1,"10":1,"11":1,"12":1,"14":1,"16":1},"branchMap":{},"b":{},"fnMap":{"0":{"name":"setSearchValue","decl":{"start":{"line":11,"column":18},"end":{"line":11,"column":27}},"loc":{"start":{"line":11,"column":18},"end":{"line":11,"column":27}},"line":11},"1":{"name":"handleSearchButtonClick","decl":{"start":{"line":12,"column":27},"end":{"line":12,"column":36}},"loc":{"start":{"line":12,"column":27},"end":{"line":12,"column":36}},"line":12}},"f":{"0":0,"1":0}}
,"C:\\study\\rs-react-app-Q32025\\src\\SearchInput.tsx": {"path":"C:\\study\\rs-react-app-Q32025\\src\\SearchInput.tsx","all":false,"statementMap":{"0":{"start":{"line":1,"column":0},"end":{"line":1,"column":26}},"1":{"start":{"line":2,"column":0},"end":{"line":2,"column":44}},"3":{"start":{"line":4,"column":0},"end":{"line":4,"column":43}},"4":{"start":{"line":5,"column":0},"end":{"line":5,"column":12}},"5":{"start":{"line":6,"column":0},"end":{"line":6,"column":12}},"6":{"start":{"line":7,"column":0},"end":{"line":7,"column":30}},"7":{"start":{"line":8,"column":0},"end":{"line":8,"column":23}},"8":{"start":{"line":9,"column":0},"end":{"line":9,"column":16}},"9":{"start":{"line":10,"column":0},"end":{"line":10,"column":23}},"10":{"start":{"line":11,"column":0},"end":{"line":11,"column":39}},"11":{"start":{"line":12,"column":0},"end":{"line":12,"column":68}},"12":{"start":{"line":13,"column":0},"end":{"line":13,"column":12}},"14":{"start":{"line":15,"column":0},"end":{"line":15,"column":31}},"16":{"start":{"line":17,"column":0},"end":{"line":17,"column":3}},"17":{"start":{"line":18,"column":0},"end":{"line":18,"column":1}},"19":{"start":{"line":20,"column":0},"end":{"line":20,"column":27}}},"s":{"0":1,"1":1,"3":1,"4":1,"5":13,"6":13,"7":13,"8":13,"9":13,"10":13,"11":13,"12":13,"14":13,"16":13,"17":1,"19":1},"branchMap":{"0":{"type":"branch","line":5,"loc":{"start":{"line":5,"column":2},"end":{"line":17,"column":3}},"locations":[{"start":{"line":5,"column":2},"end":{"line":17,"column":3}}]},"1":{"type":"branch","line":8,"loc":{"start":{"line":8,"column":9},"end":{"line":13,"column":12}},"locations":[{"start":{"line":8,"column":9},"end":{"line":13,"column":12}}]},"2":{"type":"branch","line":12,"loc":{"start":{"line":12,"column":22},"end":{"line":12,"column":68}},"locations":[{"start":{"line":12,"column":22},"end":{"line":12,"column":68}}]}},"b":{"0":[13],"1":[13],"2":[1]},"fnMap":{"0":{"name":"render","decl":{"start":{"line":5,"column":2},"end":{"line":17,"column":3}},"loc":{"start":{"line":5,"column":2},"end":{"line":17,"column":3}},"line":5},"1":{"name":"children","decl":{"start":{"line":8,"column":9},"end":{"line":13,"column":12}},"loc":{"start":{"line":8,"column":9},"end":{"line":13,"column":12}},"line":8},"2":{"name":"onChange","decl":{"start":{"line":12,"column":22},"end":{"line":12,"column":68}},"loc":{"start":{"line":12,"column":22},"end":{"line":12,"column":68}},"line":12}},"f":{"0":13,"1":13,"2":1}}
,"C:\\study\\rs-react-app-Q32025\\src\\Spinner.tsx": {"path":"C:\\study\\rs-react-app-Q32025\\src\\Spinner.tsx","all":false,"statementMap":{"0":{"start":{"line":1,"column":0},"end":{"line":1,"column":26}},"1":{"start":{"line":2,"column":0},"end":{"line":2,"column":23}},"3":{"start":{"line":4,"column":0},"end":{"line":4,"column":62}},"4":{"start":{"line":5,"column":0},"end":{"line":5,"column":12}},"5":{"start":{"line":6,"column":0},"end":{"line":6,"column":12}},"6":{"start":{"line":7,"column":0},"end":{"line":7,"column":72}},"7":{"start":{"line":8,"column":0},"end":{"line":8,"column":39}},"8":{"start":{"line":9,"column":0},"end":{"line":9,"column":12}},"10":{"start":{"line":11,"column":0},"end":{"line":11,"column":3}},"11":{"start":{"line":12,"column":0},"end":{"line":12,"column":1}},"13":{"start":{"line":14,"column":0},"end":{"line":14,"column":23}}},"s":{"0":1,"1":1,"3":1,"4":1,"5":5,"6":5,"7":5,"8":5,"10":5,"11":1,"13":1},"branchMap":{"0":{"type":"branch","line":5,"loc":{"start":{"line":5,"column":2},"end":{"line":11,"column":3}},"locations":[{"start":{"line":5,"column":2},"end":{"line":11,"column":3}}]}},"b":{"0":[5]},"fnMap":{"0":{"name":"render","decl":{"start":{"line":5,"column":2},"end":{"line":11,"column":3}},"loc":{"start":{"line":5,"column":2},"end":{"line":11,"column":3}},"line":5}},"f":{"0":5}}
,"C:\\study\\rs-react-app-Q32025\\src\\TopControls.tsx": {"path":"C:\\study\\rs-react-app-Q32025\\src\\TopControls.tsx","all":false,"statementMap":{"0":{"start":{"line":1,"column":0},"end":{"line":1,"column":26}},"1":{"start":{"line":2,"column":0},"end":{"line":2,"column":40}},"2":{"start":{"line":3,"column":0},"end":{"line":3,"column":42}},"4":{"start":{"line":5,"column":0},"end":{"line":5,"column":66}},"5":{"start":{"line":6,"column":0},"end":{"line":6,"column":12}},"6":{"start":{"line":7,"column":0},"end":{"line":7,"column":12}},"7":{"start":{"line":8,"column":0},"end":{"line":8,"column":36}},"8":{"start":{"line":9,"column":0},"end":{"line":9,"column":23}},"9":{"start":{"line":10,"column":0},"end":{"line":10,"column":24}},"10":{"start":{"line":11,"column":0},"end":{"line":11,"column":12}},"12":{"start":{"line":13,"column":0},"end":{"line":13,"column":3}},"13":{"start":{"line":14,"column":0},"end":{"line":14,"column":1}},"15":{"start":{"line":16,"column":0},"end":{"line":16,"column":27}}},"s":{"0":1,"1":1,"2":1,"4":1,"5":1,"6":11,"7":11,"8":11,"9":11,"10":11,"12":11,"13":1,"15":1},"branchMap":{"0":{"type":"branch","line":6,"loc":{"start":{"line":6,"column":2},"end":{"line":13,"column":3}},"locations":[{"start":{"line":6,"column":2},"end":{"line":13,"column":3}}]}},"b":{"0":[11]},"fnMap":{"0":{"name":"render","decl":{"start":{"line":6,"column":2},"end":{"line":13,"column":3}},"loc":{"start":{"line":6,"column":2},"end":{"line":13,"column":3}},"line":6}},"f":{"0":11}}
}
